\BOOKMARK [0][-]{chapter.1}{\376\377\0001\000\040\000U\000v\000o\000d}{}% 1
\BOOKMARK [0][-]{chapter.2}{\376\377\0002\000\040\000T\000e\000m\000e\000l\000j\000n\000i\000\040\000k\000o\000n\000c\000e\000p\000t\000i\000\040\0002\000D\000\040\000v\000i\000z\000u\000a\000l\000i\000z\000a\000c\000i\000j\000e}{}% 2
\BOOKMARK [1][-]{section.2.1}{\376\377\0002\000.\0001\000\040\000C\000a\000n\000v\000a\000s\000\040\000A\000P\000I}{chapter.2}% 3
\BOOKMARK [1][-]{section.2.2}{\376\377\0002\000.\0002\000\040\000L\000o\000k\000a\000l\000n\000e\000,\000\040\000g\000l\000o\000b\000a\000l\000n\000e\000\040\000i\000\040\000z\000a\000s\000l\000o\000n\000s\000k\000e\000\040\000k\000o\000o\000r\000d\000i\000n\000a\000t\000e}{chapter.2}% 4
\BOOKMARK [0][-]{chapter.3}{\376\377\0003\000\040\0002\000D\000\040\000v\000i\000z\000u\000a\000l\000i\000z\000a\000c\000i\000j\000e}{}% 5
\BOOKMARK [1][-]{section.3.1}{\376\377\0003\000.\0001\000\040\000J\000e\000d\000n\000o\000s\000t\000a\000v\000n\000i\000\040\000m\000o\000d\000e\000l\000\040\001\015\000e\000s\000t\000i\000c\000e}{chapter.3}% 6
\BOOKMARK [1][-]{section.3.2}{\376\377\0003\000.\0002\000\040\000V\000i\000z\000u\000a\000l\000i\000z\000a\000c\000i\000j\000a\000\040\001\015\000e\000s\000t\000i\000c\000e\000\040\000i\000\040\000n\000j\000e\000n\000o\000g\000\040\000k\000r\000e\000t\000a\000n\000j\000a}{chapter.3}% 7
\BOOKMARK [1][-]{section.3.3}{\376\377\0003\000.\0003\000\040\000G\000e\000n\000e\000r\000i\000r\000a\000n\000j\000e\000\040\001\015\000e\000s\000t\000i\000c\000a\000\040\000i\000\040\000v\000i\000z\000u\000a\000l\000i\000z\000a\000c\000i\000j\000a\000\040\000e\000k\000s\000p\000l\000o\000z\000i\000j\000a}{chapter.3}% 8
\BOOKMARK [2][-]{subsection.3.3.1}{\376\377\0003\000.\0003\000.\0001\000\040\000P\000r\000a\000v\000i\000l\000n\000a\000\040\000e\000k\000s\000p\000l\000o\000z\000i\000j\000a}{section.3.3}% 9
\BOOKMARK [2][-]{subsection.3.3.2}{\376\377\0003\000.\0003\000.\0002\000\040\000G\000a\000u\000s\000s\000o\000v\000a\000\040\000e\000k\000s\000p\000l\000o\000z\000i\000j\000a}{section.3.3}% 10
\BOOKMARK [2][-]{subsection.3.3.3}{\376\377\0003\000.\0003\000.\0003\000\040\000C\000o\000u\000l\000o\000m\000b\000o\000v\000a\000\040\000e\000k\000s\000p\000l\000o\000z\000i\000j\000a}{section.3.3}% 11
\BOOKMARK [1][-]{section.3.4}{\376\377\0003\000.\0004\000\040\000S\000i\000m\000u\000l\000a\000t\000o\000r}{chapter.3}% 12
\BOOKMARK [0][-]{chapter.4}{\376\377\0004\000\040\000T\000e\000m\000e\000l\000j\000n\000i\000\040\000k\000o\000n\000c\000e\000p\000t\000i\000\040\0003\000D\000\040\000v\000i\000z\000u\000a\000l\000i\000z\000a\000c\000i\000j\000e}{}% 13
\BOOKMARK [1][-]{section.4.1}{\376\377\0004\000.\0001\000\040\000M\000a\000t\000r\000i\001\015\000n\000i\000\040\000p\000r\000i\000k\000a\000z\000\040\000t\000r\000a\000n\000s\000f\000o\000r\000m\000a\000c\000i\000j\000a}{chapter.4}% 14
\BOOKMARK [1][-]{section.4.2}{\376\377\0004\000.\0002\000\040\000O\000r\000t\000o\000g\000o\000n\000a\000l\000n\000a\000\040\000i\000\040\000p\000e\000r\000s\000p\000e\000k\000t\000i\000v\000n\000a\000\040\000p\000r\000o\000j\000e\000k\000c\000i\000j\000a}{chapter.4}% 15
\BOOKMARK [2][-]{subsection.4.2.1}{\376\377\0004\000.\0002\000.\0001\000\040\000K\000a\000m\000e\000r\000a}{section.4.2}% 16
\BOOKMARK [1][-]{section.4.3}{\376\377\0004\000.\0003\000\040\000W\000e\000b\000G\000P\000U}{chapter.4}% 17
\BOOKMARK [0][-]{chapter.5}{\376\377\0005\000\040\0003\000D\000\040\000v\000i\000z\000u\000a\000l\000i\000z\000a\000c\000i\000j\000a}{}% 18
\BOOKMARK [1][-]{section.5.1}{\376\377\0005\000.\0001\000\040\000S\000j\000e\000n\001\015\000a\000r\000i}{chapter.5}% 19
\BOOKMARK [2][-]{subsection.5.1.1}{\376\377\0005\000.\0001\000.\0001\000\040\000S\000j\000e\000n\001\015\000a\000r\000i\000\040\000z\000a\000\040\000i\000z\000r\000a\001\015\000u\000n\000e}{section.5.1}% 20
\BOOKMARK [2][-]{subsection.5.1.2}{\376\377\0005\000.\0001\000.\0002\000\040\000S\000j\000e\000n\001\015\000a\000r\000i\000\040\000v\000r\000h\000o\000v\000a\000\040\000i\000\040\000s\000j\000e\000n\001\015\000a\000r\000i\000\040\000f\000r\000a\000g\000m\000e\000n\000a\000t\000a}{section.5.1}% 21
\BOOKMARK [2][-]{subsection.5.1.3}{\376\377\0005\000.\0001\000.\0003\000\040\000I\000z\000v\000o\001\021\000e\000n\000j\000e\000\040\000v\000i\000z\000u\000a\000l\000i\000z\000a\000c\000i\000j\000e}{section.5.1}% 22
\BOOKMARK [0][-]{chapter.6}{\376\377\0006\000\040\000Z\000a\000k\000l\000j\000u\001\015\000a\000k}{}% 23
\BOOKMARK [0][-]{chapter*.46}{\376\377\000P\000o\000p\000i\000s\000\040\000l\000i\000t\000e\000r\000a\000t\000u\000r\000e}{}% 24
\BOOKMARK [0][-]{chapter*.47}{\376\377\000P\000o\000p\000i\000s\000\040\000s\000l\000i\000k\000a}{}% 25
